[debug] [2024-10-13T03:59:03.690Z] ----------------------------------------------------------------------
[debug] [2024-10-13T03:59:03.692Z] Command:       C:\Program Files\nodejs\node.exe C:\Users\NAVEEN\AppData\Roaming\npm\node_modules\firebase-tools\lib\bin\firebase.js init
[debug] [2024-10-13T03:59:03.693Z] CLI Version:   13.22.0
[debug] [2024-10-13T03:59:03.693Z] Platform:      win32
[debug] [2024-10-13T03:59:03.693Z] Node Version:  v20.16.0
[debug] [2024-10-13T03:59:03.693Z] Time:          Sun Oct 13 2024 09:29:03 GMT+0530 (India Standard Time)
[debug] [2024-10-13T03:59:03.693Z] ----------------------------------------------------------------------
[debug] 
[debug] [2024-10-13T03:59:03.700Z] > command requires scopes: ["email","openid","https://www.googleapis.com/auth/cloudplatformprojects.readonly","https://www.googleapis.com/auth/firebase","https://www.googleapis.com/auth/cloud-platform"]
[debug] [2024-10-13T03:59:03.701Z] > authorizing via signed-in user (naveennk7254@gmail.com)
[info] 
     ######## #### ########  ######## ########     ###     ######  ########
     ##        ##  ##     ## ##       ##     ##  ##   ##  ##       ##
     ######    ##  ########  ######   ########  #########  ######  ######
     ##        ##  ##    ##  ##       ##     ## ##     ##       ## ##
     ##       #### ##     ## ######## ########  ##     ##  ######  ########

You're about to initialize a Firebase project in this directory:

  C:\Project\Expense-Tracker

Before we get started, keep in mind:

  * You are currently outside your home directory

